<?xml version="1.0" encoding="UTF-8"?>
<!-- Generated by org.testng.reporters.JUnitReportReporter -->
<testsuite skipped="0" hostname="DESKTOP-SGOOT19" name="com.tripmasters.framework.testScript.BookingPageTestScript" tests="1" failures="0" timestamp="15 Jun 2020 09:57:09 GMT" time="470.695" errors="0">
  <testcase name="TC_0009_dateChanging" time="470.695" classname="com.tripmasters.framework.testScript.BookingPageTestScript"/>
</testsuite> <!-- com.tripmasters.framework.testScript.BookingPageTestScript -->
